2019-04-18 12:49:11.063  INFO 4540 --- [restartedMain] nuc.CollaborationApplication             : Starting CollaborationApplication on DESKTOP-QADQAVT with PID 4540 (D:\github\collaboration\target\classes started by 10674 in D:\github\collaboration)
2019-04-18 12:49:11.080  INFO 4540 --- [restartedMain] nuc.CollaborationApplication             : No active profile set, falling back to default profiles: default
2019-04-18 12:49:11.332  INFO 4540 --- [restartedMain] .e.DevToolsPropertyDefaultsPostProcessor : Devtools property defaults active! Set 'spring.devtools.add-properties' to 'false' to disable
2019-04-18 12:49:11.333  INFO 4540 --- [restartedMain] .e.DevToolsPropertyDefaultsPostProcessor : For additional web related logging consider setting the 'logging.level.web' property to 'DEBUG'
2019-04-18 12:49:12.635  WARN 4540 --- [restartedMain] o.m.s.mapper.ClassPathMapperScanner      : Skipping MapperFactoryBean with name 'sysMoudleMapper' and 'nuc.mapper.SysMoudleMapper' mapperInterface. Bean already defined with the same name!
2019-04-18 12:49:12.636  WARN 4540 --- [restartedMain] o.m.s.mapper.ClassPathMapperScanner      : Skipping MapperFactoryBean with name 'sysPermissionMapper' and 'nuc.mapper.SysPermissionMapper' mapperInterface. Bean already defined with the same name!
2019-04-18 12:49:12.636  WARN 4540 --- [restartedMain] o.m.s.mapper.ClassPathMapperScanner      : Skipping MapperFactoryBean with name 'sysRoleMapper' and 'nuc.mapper.SysRoleMapper' mapperInterface. Bean already defined with the same name!
2019-04-18 12:49:12.636  WARN 4540 --- [restartedMain] o.m.s.mapper.ClassPathMapperScanner      : Skipping MapperFactoryBean with name 'sysUserMapper' and 'nuc.mapper.SysUserMapper' mapperInterface. Bean already defined with the same name!
2019-04-18 12:49:12.638  WARN 4540 --- [restartedMain] o.m.s.mapper.ClassPathMapperScanner      : No MyBatis mapper was found in '[nuc.mapper]' package. Please check your configuration.
2019-04-18 12:49:13.595  INFO 4540 --- [restartedMain] trationDelegate$BeanPostProcessorChecker : Bean 'shiroConfig' of type [nuc.config.ShiroConfig$$EnhancerBySpringCGLIB$$b21267ca] is not eligible for getting processed by all BeanPostProcessors (for example: not eligible for auto-proxying)
2019-04-18 12:49:13.615  INFO 4540 --- [restartedMain] trationDelegate$BeanPostProcessorChecker : Bean 'org.springframework.transaction.annotation.ProxyTransactionManagementConfiguration' of type [org.springframework.transaction.annotation.ProxyTransactionManagementConfiguration$$EnhancerBySpringCGLIB$$60828ecc] is not eligible for getting processed by all BeanPostProcessors (for example: not eligible for auto-proxying)
2019-04-18 12:49:14.587  INFO 4540 --- [restartedMain] trationDelegate$BeanPostProcessorChecker : Bean 'mybatis-org.mybatis.spring.boot.autoconfigure.MybatisProperties' of type [org.mybatis.spring.boot.autoconfigure.MybatisProperties] is not eligible for getting processed by all BeanPostProcessors (for example: not eligible for auto-proxying)
2019-04-18 12:49:14.612  INFO 4540 --- [restartedMain] trationDelegate$BeanPostProcessorChecker : Bean 'org.mybatis.spring.boot.autoconfigure.MybatisAutoConfiguration' of type [org.mybatis.spring.boot.autoconfigure.MybatisAutoConfiguration$$EnhancerBySpringCGLIB$$9356dffc] is not eligible for getting processed by all BeanPostProcessors (for example: not eligible for auto-proxying)
2019-04-18 12:49:14.619  INFO 4540 --- [restartedMain] trationDelegate$BeanPostProcessorChecker : Bean 'druidConfig' of type [nuc.config.DruidConfig$$EnhancerBySpringCGLIB$$6b8cb3b] is not eligible for getting processed by all BeanPostProcessors (for example: not eligible for auto-proxying)
2019-04-18 12:49:14.785  INFO 4540 --- [restartedMain] trationDelegate$BeanPostProcessorChecker : Bean 'druid' of type [com.alibaba.druid.pool.DruidDataSource] is not eligible for getting processed by all BeanPostProcessors (for example: not eligible for auto-proxying)
2019-04-18 12:49:14.965  INFO 4540 --- [restartedMain] trationDelegate$BeanPostProcessorChecker : Bean 'spring.datasource-org.springframework.boot.autoconfigure.jdbc.DataSourceProperties' of type [org.springframework.boot.autoconfigure.jdbc.DataSourceProperties] is not eligible for getting processed by all BeanPostProcessors (for example: not eligible for auto-proxying)
2019-04-18 12:49:14.987  INFO 4540 --- [restartedMain] trationDelegate$BeanPostProcessorChecker : Bean 'org.springframework.boot.autoconfigure.jdbc.DataSourceInitializerInvoker' of type [org.springframework.boot.autoconfigure.jdbc.DataSourceInitializerInvoker] is not eligible for getting processed by all BeanPostProcessors (for example: not eligible for auto-proxying)
2019-04-18 12:49:15.622  INFO 4540 --- [restartedMain] trationDelegate$BeanPostProcessorChecker : Bean 'sqlSessionFactory' of type [org.apache.ibatis.session.defaults.DefaultSqlSessionFactory] is not eligible for getting processed by all BeanPostProcessors (for example: not eligible for auto-proxying)
2019-04-18 12:49:15.686  INFO 4540 --- [restartedMain] trationDelegate$BeanPostProcessorChecker : Bean 'sqlSessionTemplate' of type [org.mybatis.spring.SqlSessionTemplate] is not eligible for getting processed by all BeanPostProcessors (for example: not eligible for auto-proxying)
2019-04-18 12:49:15.694  INFO 4540 --- [restartedMain] trationDelegate$BeanPostProcessorChecker : Bean 'sysUserMapper' of type [org.mybatis.spring.mapper.MapperFactoryBean] is not eligible for getting processed by all BeanPostProcessors (for example: not eligible for auto-proxying)
2019-04-18 12:49:15.703  INFO 4540 --- [restartedMain] trationDelegate$BeanPostProcessorChecker : Bean 'sysUserMapper' of type [com.sun.proxy.$Proxy56] is not eligible for getting processed by all BeanPostProcessors (for example: not eligible for auto-proxying)
2019-04-18 12:49:15.710  INFO 4540 --- [restartedMain] trationDelegate$BeanPostProcessorChecker : Bean 'sysUserServiceImpl' of type [nuc.service.impl.SysUserServiceImpl] is not eligible for getting processed by all BeanPostProcessors (for example: not eligible for auto-proxying)
2019-04-18 12:49:15.712  INFO 4540 --- [restartedMain] trationDelegate$BeanPostProcessorChecker : Bean 'realm' of type [nuc.realm.AuthRealm] is not eligible for getting processed by all BeanPostProcessors (for example: not eligible for auto-proxying)
2019-04-18 12:49:15.752  INFO 4540 --- [restartedMain] trationDelegate$BeanPostProcessorChecker : Bean 'sessionMagger' of type [org.apache.shiro.web.session.mgt.DefaultWebSessionManager] is not eligible for getting processed by all BeanPostProcessors (for example: not eligible for auto-proxying)
2019-04-18 12:49:16.613  INFO 4540 --- [restartedMain] trationDelegate$BeanPostProcessorChecker : Bean 'securityManager' of type [org.apache.shiro.web.mgt.DefaultWebSecurityManager] is not eligible for getting processed by all BeanPostProcessors (for example: not eligible for auto-proxying)
2019-04-18 12:49:18.562  INFO 4540 --- [restartedMain] o.s.b.w.embedded.tomcat.TomcatWebServer  : Tomcat initialized with port(s): 8080 (http)
2019-04-18 12:49:18.650  INFO 4540 --- [restartedMain] o.apache.catalina.core.StandardService   : Starting service [Tomcat]
2019-04-18 12:49:18.657  INFO 4540 --- [restartedMain] org.apache.catalina.core.StandardEngine  : Starting Servlet engine: [Apache Tomcat/9.0.17]
2019-04-18 12:49:19.047  INFO 4540 --- [restartedMain] o.a.c.c.C.[Tomcat].[localhost].[/]       : Initializing Spring embedded WebApplicationContext
2019-04-18 12:49:19.047  INFO 4540 --- [restartedMain] o.s.web.context.ContextLoader            : Root WebApplicationContext: initialization completed in 7714 ms
2019-04-18 12:49:19.414  INFO 4540 --- [restartedMain] o.s.boot.web.servlet.RegistrationBean    : Servlet statViewServlet was not registered (possibly already registered?)
2019-04-18 12:49:19.427  INFO 4540 --- [restartedMain] o.s.boot.web.servlet.RegistrationBean    : Filter webStatFilter was not registered (possibly already registered?)
2019-04-18 12:49:20.329  INFO 4540 --- [restartedMain] o.s.s.concurrent.ThreadPoolTaskExecutor  : Initializing ExecutorService 'applicationTaskExecutor'
2019-04-18 12:49:20.536  WARN 4540 --- [restartedMain] org.thymeleaf.templatemode.TemplateMode  : [THYMELEAF][restartedMain] Template Mode 'LEGACYHTML5' is deprecated. Using Template Mode 'HTML' instead.
2019-04-18 12:49:20.591  INFO 4540 --- [restartedMain] o.s.b.a.w.s.WelcomePageHandlerMapping    : Adding welcome page template: index
2019-04-18 12:49:20.997  INFO 4540 --- [restartedMain] o.s.b.d.a.OptionalLiveReloadServer       : LiveReload server is running on port 35729
2019-04-18 12:49:21.085  INFO 4540 --- [restartedMain] o.s.b.w.embedded.tomcat.TomcatWebServer  : Tomcat started on port(s): 8080 (http) with context path ''
2019-04-18 12:49:21.089  INFO 4540 --- [restartedMain] nuc.CollaborationApplication             : Started CollaborationApplication in 11.168 seconds (JVM running for 14.368)
2019-04-18 12:49:21.093  INFO 4540 --- [restartedMain] nuc.CollaborationApplication             : SpringBoot加载完毕
2019-04-18 12:49:58.638  INFO 4540 --- [http-nio-8080-exec-2] o.a.c.c.C.[Tomcat].[localhost].[/]       : Initializing Spring DispatcherServlet 'dispatcherServlet'
2019-04-18 12:49:58.639  INFO 4540 --- [http-nio-8080-exec-2] o.s.web.servlet.DispatcherServlet        : Initializing Servlet 'dispatcherServlet'
2019-04-18 12:49:58.659  INFO 4540 --- [http-nio-8080-exec-2] o.s.web.servlet.DispatcherServlet        : Completed initialization in 19 ms
2019-04-18 12:49:58.708  INFO 4540 --- [http-nio-8080-exec-2] a.s.s.m.AbstractValidatingSessionManager : Enabling session validation scheduler...
2019-04-18 12:50:09.221  INFO 4540 --- [http-nio-8080-exec-10] com.alibaba.druid.pool.DruidDataSource   : {dataSource-1} inited
